<?xml version="1.0" encoding="UTF-8"?>
<!-- Generated by org.testng.reporters.JUnitReportReporter -->
<testsuite skipped="0" hostname="DESKTOP-P5K0BO7" name="TestNGprograms.PracticeonDepencencyMethod" tests="2" failures="0" timestamp="06 Aug 2019 10:48:32 GMT" time="0.032" errors="0">
  <testcase name="Create" time="0.026" classname="TestNGprograms.PracticeonDepencencyMethod"/>
  <testcase name="Delete" time="0.006" classname="TestNGprograms.PracticeonDepencencyMethod"/>
</testsuite> <!-- TestNGprograms.PracticeonDepencencyMethod -->
