<?xml version="1.0" encoding="UTF-8"?>
<!-- Generated by org.testng.reporters.JUnitReportReporter -->
<testsuite skipped="1" hostname="DESKTOP-P5K0BO7" name="TestNGprograms.GroupsDemo" tests="3" failures="0" timestamp="06 Aug 2019 09:38:51 GMT" time="0.022" errors="0">
  <testcase name="Createproduct" time="0.012" classname="TestNGprograms.GroupsDemo"/>
  <testcase name="Deleteproduct" time="0.010" classname="TestNGprograms.GroupsDemo"/>
  <testcase name="edituser" classname="TestNGprograms.GroupsDemo">
    <skipped/>
  </testcase> <!-- edituser -->
</testsuite> <!-- TestNGprograms.GroupsDemo -->
