<?xml version="1.0" encoding="UTF-8"?>
<!-- Generated by org.testng.reporters.JUnitReportReporter -->
<testsuite skipped="0" hostname="DESKTOP-P5K0BO7" name="TestNGprograms.ExtendsReports" tests="1" failures="0" timestamp="13 Aug 2019 10:29:18 GMT" time="1.835" errors="0">
  <testcase name="demo" time="1.835" classname="TestNGprograms.ExtendsReports"/>
</testsuite> <!-- TestNGprograms.ExtendsReports -->
