<?xml version="1.0" encoding="UTF-8"?>
<!-- Generated by org.testng.reporters.JUnitReportReporter -->
<testsuite skipped="0" hostname="DESKTOP-P5K0BO7" name="TestNGprograms.NewTest" tests="5" failures="0" timestamp="06 Aug 2019 06:29:16 GMT" time="0.162" errors="0">
  <testcase name="f" time="0.071" classname="TestNGprograms.NewTest"/>
  <testcase name="first" time="0.042" classname="TestNGprograms.NewTest"/>
  <testcase name="second" time="0.015" classname="TestNGprograms.NewTest"/>
  <testcase name="second" time="0.014" classname="TestNGprograms.NewTest"/>
  <testcase name="fourth" time="0.020" classname="TestNGprograms.NewTest"/>
</testsuite> <!-- TestNGprograms.NewTest -->
