<?xml version="1.0" encoding="UTF-8"?>
<!-- Generated by org.testng.reporters.JUnitReportReporter -->
<testsuite skipped="0" hostname="DESKTOP-P5K0BO7" name="TestNGprograms.Usinginheritance" tests="2" failures="0" timestamp="06 Aug 2019 05:33:24 GMT" time="0.051" errors="0">
  <testcase name="deleteUser" time="0.032" classname="TestNGprograms.Usinginheritance"/>
  <testcase name="usercreated" time="0.019" classname="TestNGprograms.Usinginheritance"/>
</testsuite> <!-- TestNGprograms.Usinginheritance -->
