<?xml version="1.0" encoding="UTF-8"?>
<!-- Generated by org.testng.reporters.JUnitReportReporter -->
<testsuite skipped="0" hostname="DESKTOP-P5K0BO7" name="TestNGprograms.DataproviderDemo" tests="3" failures="0" timestamp="06 Aug 2019 06:54:02 GMT" time="0.050" errors="0">
  <testcase name="f" time="0.013" classname="TestNGprograms.DataproviderDemo"/>
  <testcase name="f" time="0.027" classname="TestNGprograms.DataproviderDemo"/>
  <testcase name="f" time="0.010" classname="TestNGprograms.DataproviderDemo"/>
</testsuite> <!-- TestNGprograms.DataproviderDemo -->
