<?xml version="1.0" encoding="UTF-8"?>
<!-- Generated by org.testng.reporters.JUnitReportReporter -->
<testsuite skipped="0" hostname="DESKTOP-P5K0BO7" name="TestNGprograms.AnnotationsDemo" tests="2" failures="0" timestamp="06 Aug 2019 05:18:11 GMT" time="0.045" errors="0">
  <testcase name="usercreated" time="0.023" classname="TestNGprograms.AnnotationsDemo"/>
  <testcase name="deleteUser" time="0.022" classname="TestNGprograms.AnnotationsDemo"/>
</testsuite> <!-- TestNGprograms.AnnotationsDemo -->
