<?xml version="1.0" encoding="UTF-8"?>
<!-- Generated by org.testng.reporters.JUnitReportReporter -->
<testsuite skipped="0" hostname="DESKTOP-P5K0BO7" name="TestNGprograms.NewTestDemo" tests="1" failures="0" timestamp="06 Aug 2019 04:54:30 GMT" time="0.028" errors="0">
  <testcase name="test" time="0.028" classname="TestNGprograms.NewTestDemo"/>
</testsuite> <!-- TestNGprograms.NewTestDemo -->
