<?xml version="1.0" encoding="UTF-8"?>
<!-- Generated by org.testng.reporters.JUnitReportReporter -->
<testsuite skipped="0" hostname="DESKTOP-P5K0BO7" name="TestNGprograms.NewTest02" tests="1" failures="0" timestamp="06 Aug 2019 04:54:30 GMT" time="0.014" errors="0">
  <testcase name="f" time="0.014" classname="TestNGprograms.NewTest02"/>
</testsuite> <!-- TestNGprograms.NewTest02 -->
