<?xml version="1.0" encoding="UTF-8"?>
<!-- Generated by org.testng.reporters.JUnitReportReporter -->
<testsuite skipped="0" hostname="DESKTOP-P5K0BO7" name="TestNGprograms.WriteinExcelsheet" tests="1" failures="0" timestamp="07 Aug 2019 12:12:31 GMT" time="22.946" errors="0">
  <testcase name="writeinExcel" time="22.946" classname="TestNGprograms.WriteinExcelsheet"/>
</testsuite> <!-- TestNGprograms.WriteinExcelsheet -->
