<?xml version="1.0" encoding="UTF-8"?>
<!-- Generated by org.testng.reporters.JUnitReportReporter -->
<testsuite skipped="0" hostname="DESKTOP-P5K0BO7" name="TestNGprograms.Basicexample" tests="1" failures="0" timestamp="11 Aug 2019 16:21:55 GMT" time="2.685" errors="0">
  <testcase name="VerifyTest" time="2.685" classname="TestNGprograms.Basicexample"/>
</testsuite> <!-- TestNGprograms.Basicexample -->
